[debug] [2023-10-23T05:47:11.777Z] ----------------------------------------------------------------------
[debug] [2023-10-23T05:47:11.778Z] Command:       C:\Program Files\nodejs\node.exe C:\Users\rro33179\AppData\Roaming\npm\node_modules\firebase-tools\lib\bin\firebase.js init
[debug] [2023-10-23T05:47:11.779Z] CLI Version:   12.7.0
[debug] [2023-10-23T05:47:11.779Z] Platform:      win32
[debug] [2023-10-23T05:47:11.779Z] Node Version:  v18.13.0
[debug] [2023-10-23T05:47:11.779Z] Time:          Mon Oct 23 2023 07:47:11 GMT+0200 (Central European Summer Time)
[debug] [2023-10-23T05:47:11.780Z] ----------------------------------------------------------------------
[debug] 
[debug] [2023-10-23T05:47:11.784Z] > command requires scopes: ["email","openid","https://www.googleapis.com/auth/cloudplatformprojects.readonly","https://www.googleapis.com/auth/firebase","https://www.googleapis.com/auth/cloud-platform"]
[debug] [2023-10-23T05:47:11.784Z] > authorizing via signed-in user (ricobaas92@gmail.com)
[info] 
     ######## #### ########  ######## ########     ###     ######  ########
     ##        ##  ##     ## ##       ##     ##  ##   ##  ##       ##
     ######    ##  ########  ######   ########  #########  ######  ######
     ##        ##  ##    ##  ##       ##     ## ##     ##       ## ##
     ##       #### ##     ## ######## ########  ##     ##  ######  ########

You're about to initialize a Firebase project in this directory:

  C:\Projects\Repositories\ux-resources

Before we get started, keep in mind:

  * You are currently outside your home directory

[info] 
=== Project Setup
[info] 
[info] First, let's associate this project directory with a Firebase project.
[info] You can create multiple project aliases by running firebase use --add, 
[info] but for now we'll just set up a default project.
[info] 
[debug] [2023-10-23T05:47:30.391Z] >>> [apiv2][query] GET https://firebase.googleapis.com/v1beta1/projects pageSize=100
[debug] [2023-10-23T05:47:31.203Z] <<< [apiv2][status] GET https://firebase.googleapis.com/v1beta1/projects 200
[debug] [2023-10-23T05:47:31.203Z] <<< [apiv2][body] GET https://firebase.googleapis.com/v1beta1/projects [omitted]
[info] i  Using project portfolio-site-91ef8 (Portfolio site) 
[info] 
=== Database Setup
[info] i  database: ensuring required API firebasedatabase.googleapis.com is enabled... 
[debug] [2023-10-23T05:47:38.282Z] >>> [apiv2][query] GET https://serviceusage.googleapis.com/v1/projects/portfolio-site-91ef8/services/firebasedatabase.googleapis.com [none]
[debug] [2023-10-23T05:47:38.282Z] >>> [apiv2][(partial)header] GET https://serviceusage.googleapis.com/v1/projects/portfolio-site-91ef8/services/firebasedatabase.googleapis.com x-goog-quota-user=projects/portfolio-site-91ef8
[debug] [2023-10-23T05:47:39.334Z] <<< [apiv2][status] GET https://serviceusage.googleapis.com/v1/projects/portfolio-site-91ef8/services/firebasedatabase.googleapis.com 200
[debug] [2023-10-23T05:47:39.334Z] <<< [apiv2][body] GET https://serviceusage.googleapis.com/v1/projects/portfolio-site-91ef8/services/firebasedatabase.googleapis.com [omitted]
[warn] !  database: missing required API firebasedatabase.googleapis.com. Enabling now... 
[debug] [2023-10-23T05:47:39.335Z] >>> [apiv2][query] POST https://serviceusage.googleapis.com/v1/projects/portfolio-site-91ef8/services/firebasedatabase.googleapis.com:enable [none]
[debug] [2023-10-23T05:47:39.335Z] >>> [apiv2][(partial)header] POST https://serviceusage.googleapis.com/v1/projects/portfolio-site-91ef8/services/firebasedatabase.googleapis.com:enable x-goog-quota-user=projects/portfolio-site-91ef8
